<?xml version="1.0" encoding="UTF-8"?>
<robot generator="Robot 6.1.1 (Python 3.11.4 on win32)" generated="20230914 10:58:28.193" rpa="false" schemaversion="4">
<suite id="s1" name="Reg Testcase2" source="C:\Users\YasodhaS-3242\PycharmProjects\PythonProject\Robot_Frame_work\rampup_task_robot\myproject_root_folder\frame_work\test_cycles\module_2\reg_testcase2.robot">
<test id="s1-t1" name="TestCasse For Second Registration Page" line="7">
<kw name="Open Second Registration Page" library="reg_keywords">
<kw name="Open Browser" library="SeleniumLibrary">
<arg>${reg_URL_2}</arg>
<arg>${BROWSER}</arg>
<doc>Opens a new browser instance to the optional ``url``.</doc>
<msg timestamp="20230914 10:58:28.510" level="INFO">Opening browser 'chrome' to base url 'https://www.letskodeit.com/register'.</msg>
<status status="PASS" starttime="20230914 10:58:28.510" endtime="20230914 10:58:32.673"/>
</kw>
<status status="PASS" starttime="20230914 10:58:28.510" endtime="20230914 10:58:32.673"/>
</kw>
<kw name="Maximize Browser URL" library="common_keywords">
<kw name="Maximize Browser Window" library="SeleniumLibrary">
<doc>Maximizes current browser window.</doc>
<status status="PASS" starttime="20230914 10:58:32.675" endtime="20230914 10:58:32.795"/>
</kw>
<kw name="Sleep" library="BuiltIn">
<arg>3</arg>
<doc>Pauses the test executed for the given time.</doc>
<msg timestamp="20230914 10:58:35.797" level="INFO">Slept 3 seconds</msg>
<status status="PASS" starttime="20230914 10:58:32.796" endtime="20230914 10:58:35.797"/>
</kw>
<status status="PASS" starttime="20230914 10:58:32.675" endtime="20230914 10:58:35.797"/>
</kw>
<kw name="Second Registration Informatipon" library="reg_keywords">
<kw name="Input Text" library="SeleniumLibrary">
<arg>${txt_1_regFirstName}</arg>
<arg>${reg_ValidFirstName}</arg>
<doc>Types the given ``text`` into the text field identified by ``locator``.</doc>
<msg timestamp="20230914 10:58:35.798" level="INFO">Typing text 'yasodha' into text field 'id:name'.</msg>
<status status="PASS" starttime="20230914 10:58:35.798" endtime="20230914 10:58:35.911"/>
</kw>
<kw name="Input Text" library="SeleniumLibrary">
<arg>${txt_1_regLastName}</arg>
<arg>${reg_ValidLastName}</arg>
<doc>Types the given ``text`` into the text field identified by ``locator``.</doc>
<msg timestamp="20230914 10:58:35.911" level="INFO">Typing text 'reddy' into text field 'id:last_name'.</msg>
<status status="PASS" starttime="20230914 10:58:35.911" endtime="20230914 10:58:36.009"/>
</kw>
<kw name="Input Text" library="SeleniumLibrary">
<arg>${txt_1_regEmail}</arg>
<arg>${reg_validEmail}</arg>
<doc>Types the given ``text`` into the text field identified by ``locator``.</doc>
<msg timestamp="20230914 10:58:36.010" level="INFO">Typing text 'yasodhareddy432@gmail.com' into text field 'id:email'.</msg>
<status status="PASS" starttime="20230914 10:58:36.009" endtime="20230914 10:58:36.177"/>
</kw>
<kw name="Input Text" library="SeleniumLibrary">
<arg>${txt_1_regPassword}</arg>
<arg>${reg_ValidPassword}</arg>
<doc>Types the given ``text`` into the text field identified by ``locator``.</doc>
<msg timestamp="20230914 10:58:36.177" level="INFO">Typing text 'yasodha' into text field 'id:password'.</msg>
<status status="PASS" starttime="20230914 10:58:36.177" endtime="20230914 10:58:36.278"/>
</kw>
<kw name="Input Text" library="SeleniumLibrary">
<arg>${txt_1_regConfirmationPassword}</arg>
<arg>${reg_ValidConformPassword}</arg>
<doc>Types the given ``text`` into the text field identified by ``locator``.</doc>
<msg timestamp="20230914 10:58:36.278" level="INFO">Typing text 'yasodha' into text field 'id:password_confirmation'.</msg>
<status status="PASS" starttime="20230914 10:58:36.278" endtime="20230914 10:58:36.360"/>
</kw>
<status status="PASS" starttime="20230914 10:58:35.798" endtime="20230914 10:58:36.360"/>
</kw>
<kw name="Unselect Frame" library="SeleniumLibrary">
<doc>Sets the main frame as the current frame.</doc>
<status status="PASS" starttime="20230914 10:58:36.360" endtime="20230914 10:58:36.360"/>
</kw>
<kw name="Wait For Time" library="common_keywords">
<kw name="Sleep" library="BuiltIn">
<arg>2</arg>
<doc>Pauses the test executed for the given time.</doc>
<msg timestamp="20230914 10:58:38.360" level="INFO">Slept 2 seconds</msg>
<status status="PASS" starttime="20230914 10:58:36.360" endtime="20230914 10:58:38.360"/>
</kw>
<status status="PASS" starttime="20230914 10:58:36.360" endtime="20230914 10:58:38.360"/>
</kw>
<kw name="Select Frame" library="SeleniumLibrary">
<arg>xpath:(//iframe[@title='reCAPTCHA'])[1]</arg>
<doc>Sets frame identified by ``locator`` as the current frame.</doc>
<msg timestamp="20230914 10:58:38.360" level="INFO">Selecting frame 'xpath:(//iframe[@title='reCAPTCHA'])[1]'.</msg>
<status status="PASS" starttime="20230914 10:58:38.360" endtime="20230914 10:58:38.398"/>
</kw>
<kw name="Select Capcha" library="reg_keywords">
<kw name="Click Element" library="SeleniumLibrary">
<arg>${select_capcha_1_reg}</arg>
<doc>Click the element identified by ``locator``.</doc>
<msg timestamp="20230914 10:58:38.398" level="INFO">Clicking element 'xpath://span[@id='recaptcha-anchor']'.</msg>
<status status="PASS" starttime="20230914 10:58:38.398" endtime="20230914 10:58:38.631"/>
</kw>
<status status="PASS" starttime="20230914 10:58:38.398" endtime="20230914 10:58:38.631"/>
</kw>
<kw name="Sleep" library="BuiltIn">
<arg>30</arg>
<doc>Pauses the test executed for the given time.</doc>
<msg timestamp="20230914 10:59:08.631" level="INFO">Slept 30 seconds</msg>
<status status="PASS" starttime="20230914 10:58:38.631" endtime="20230914 10:59:08.631"/>
</kw>
<kw name="Unselect Frame" library="SeleniumLibrary">
<doc>Sets the main frame as the current frame.</doc>
<msg timestamp="20230914 10:59:08.631" level="WARN">Keyword 'Capture Page Screenshot' could not be run on failure: Message: no such window: target window already closed
from unknown error: web view not found
  (Session info: chrome=116.0.5845.180)
Stacktrace:
	GetHandleVerifier [0x00007FF672BE52A2+57122]
	(No symbol) [0x00007FF672B5EA92]
	(No symbol) [0x00007FF672A2E3AB]
	(No symbol) [0x00007FF672A0E1B9]
	(No symbol) [0x00007FF672A8B417]
	(No symbol) [0x00007FF672A9E24F]
	(No symbol) [0x00007FF672A86DB3]
	(No symbol) [0x00007FF672A5D2B1]
	(No symbol) [0x00007FF672A5E494]
	GetHandleVerifier [0x00007FF672E8EF82+2849794]
	GetHandleVerifier [0x00007FF672EE1D24+3189156]
	GetHandleVerifier [0x00007FF672EDACAF+3160367]
	GetHandleVerifier [0x00007FF672C76D06+653702]
	(No symbol) [0x00007FF672B6A208]
	(No symbol) [0x00007FF672B662C4]
	(No symbol) [0x00007FF672B663F6]
	(No symbol) [0x00007FF672B567A3]
	BaseThreadInitThunk [0x00007FF9404D26AD+29]
	RtlUserThreadStart [0x00007FF94248AA68+40]
</msg>
<msg timestamp="20230914 10:59:08.631" level="FAIL">NoSuchWindowException: Message: no such window: target window already closed
from unknown error: web view not found
  (Session info: chrome=116.0.5845.180)
Stacktrace:
	GetHandleVerifier [0x00007FF672BE52A2+57122]
	(No symbol) [0x00007FF672B5EA92]
	(No symbol) [0x00007FF672A2E3AB]
	(No symbol) [0x00007FF672A0E1B9]
	(No symbol) [0x00007FF672A8B417]
	(No symbol) [0x00007FF672A9E24F]
	(No symbol) [0x00007FF672A86DB3]
	(No symbol) [0x00007FF672A5D2B1]
	(No symbol) [0x00007FF672A5E494]
	GetHandleVerifier [0x00007FF672E8EF82+2849794]
	GetHandleVerifier [0x00007FF672EE1D24+3189156]
	GetHandleVerifier [0x00007FF672EDACAF+3160367]
	GetHandleVerifier [0x00007FF672C76D06+653702]
	(No symbol) [0x00007FF672B6A208]
	(No symbol) [0x00007FF672B662C4]
	(No symbol) [0x00007FF672B663F6]
	(No symbol) [0x00007FF672B567A3]
	BaseThreadInitThunk [0x00007FF9404D26AD+29]
	RtlUserThreadStart [0x00007FF94248AA68+40]
</msg>
<status status="FAIL" starttime="20230914 10:59:08.631" endtime="20230914 10:59:08.639"/>
</kw>
<kw name="Click SignUp Button" library="reg_keywords">
<status status="NOT RUN" starttime="20230914 10:59:08.639" endtime="20230914 10:59:08.639"/>
</kw>
<kw name="Wait For Time" library="common_keywords">
<status status="NOT RUN" starttime="20230914 10:59:08.639" endtime="20230914 10:59:08.639"/>
</kw>
<kw name="Close Browser URL" library="common_keywords">
<status status="NOT RUN" starttime="20230914 10:59:08.639" endtime="20230914 10:59:08.639"/>
</kw>
<status status="FAIL" starttime="20230914 10:58:28.510" endtime="20230914 10:59:08.639">NoSuchWindowException: Message: no such window: target window already closed
from unknown error: web view not found
  (Session info: chrome=116.0.5845.180)
Stacktrace:
	GetHandleVerifier [0x00007FF672BE52A2+57122]
	(No symbol) [0x00007FF672B5EA92]
	(No symbol) [0x00007FF672A2E3AB]
	(No symbol) [0x00007FF672A0E1B9]
	(No symbol) [0x00007FF672A8B417]
	(No symbol) [0x00007FF672A9E24F]
	(No symbol) [0x00007FF672A86DB3]
	(No symbol) [0x00007FF672A5D2B1]
	(No symbol) [0x00007FF672A5E494]
	GetHandleVerifier [0x00007FF672E8EF82+2849794]
	GetHandleVerifier [0x00007FF672EE1D24+3189156]
	GetHandleVerifier [0x00007FF672EDACAF+3160367]
	GetHandleVerifier [0x00007FF672C76D06+653702]
	(No symbol) [0x00007FF672B6A208]
	(No symbol) [0x00007FF672B662C4]
	(No symbol) [0x00007FF672B663F6]
	(No symbol) [0x00007FF672B567A3]
	BaseThreadInitThunk [0x00007FF9404D26AD+29]
	RtlUserThreadStart [0x00007FF94248AA68+40]
</status>
</test>
<status status="FAIL" starttime="20230914 10:58:28.194" endtime="20230914 10:59:08.639"/>
</suite>
<statistics>
<total>
<stat pass="0" fail="1" skip="0">All Tests</stat>
</total>
<tag>
</tag>
<suite>
<stat pass="0" fail="1" skip="0" id="s1" name="Reg Testcase2">Reg Testcase2</stat>
</suite>
</statistics>
<errors>
<msg timestamp="20230914 10:59:08.631" level="WARN">Keyword 'Capture Page Screenshot' could not be run on failure: Message: no such window: target window already closed
from unknown error: web view not found
  (Session info: chrome=116.0.5845.180)
Stacktrace:
	GetHandleVerifier [0x00007FF672BE52A2+57122]
	(No symbol) [0x00007FF672B5EA92]
	(No symbol) [0x00007FF672A2E3AB]
	(No symbol) [0x00007FF672A0E1B9]
	(No symbol) [0x00007FF672A8B417]
	(No symbol) [0x00007FF672A9E24F]
	(No symbol) [0x00007FF672A86DB3]
	(No symbol) [0x00007FF672A5D2B1]
	(No symbol) [0x00007FF672A5E494]
	GetHandleVerifier [0x00007FF672E8EF82+2849794]
	GetHandleVerifier [0x00007FF672EE1D24+3189156]
	GetHandleVerifier [0x00007FF672EDACAF+3160367]
	GetHandleVerifier [0x00007FF672C76D06+653702]
	(No symbol) [0x00007FF672B6A208]
	(No symbol) [0x00007FF672B662C4]
	(No symbol) [0x00007FF672B663F6]
	(No symbol) [0x00007FF672B567A3]
	BaseThreadInitThunk [0x00007FF9404D26AD+29]
	RtlUserThreadStart [0x00007FF94248AA68+40]
</msg>
</errors>
</robot>
